<?xml version="1.0" encoding="UTF-8"?>
<testsuite name="clinic.repository.PatientsTest" tests="3" skipped="0" failures="0" errors="0" timestamp="2018-06-11T05:47:55" hostname="DESKTOP-ILUP3VR" time="0.005">
  <properties/>
  <testcase name="getAll" classname="clinic.repository.PatientsTest" time="0.005"/>
  <testcase name="getAnalyses" classname="clinic.repository.PatientsTest" time="0.0"/>
  <testcase name="getDiagnoses" classname="clinic.repository.PatientsTest" time="0.0"/>
  <system-out><![CDATA[Patient{name='Charles Trump', diagnoses=[Diagnosis{diseaseName='Kidney failure'}, Diagnosis{diseaseName='Lung cancer'}], analyses=[AnalysisResult{name='Have a parrot', resultPositive=false}, AnalysisResult{name='Blood leakage', resultPositive=true}, AnalysisResult{name='Smoking pipe', resultPositive=false}]}
Patient{name='Marilyn Francis', diagnoses=[Diagnosis{diseaseName='Kidney failure'}, Diagnosis{diseaseName='Lost limb'}], analyses=[AnalysisResult{name='Some other #1', resultPositive=false}, AnalysisResult{name='Some other #3', resultPositive=false}, AnalysisResult{name='Some other #2', resultPositive=true}]}
Patient{name='Christopher Kennedy', diagnoses=[Diagnosis{diseaseName='Kidney failure'}, Diagnosis{diseaseName='Lost limb'}], analyses=[AnalysisResult{name='Blood leakage', resultPositive=true}, AnalysisResult{name='Smoking pipe', resultPositive=true}, AnalysisResult{name='Some other #1', resultPositive=true}]}
Patient{name='John Elizabeth', diagnoses=[Diagnosis{diseaseName='Kidney failure'}, Diagnosis{diseaseName='I'm the pirate'}], analyses=[AnalysisResult{name='Smoking pipe', resultPositive=false}, AnalysisResult{name='Blood leakage', resultPositive=true}, AnalysisResult{name='Blood in urine', resultPositive=false}]}
Patient{name='Christopher Churchill', diagnoses=[Diagnosis{diseaseName='I'm the pirate'}, Diagnosis{diseaseName='Lost limb'}], analyses=[AnalysisResult{name='Some other #2', resultPositive=true}, AnalysisResult{name='High blood pressure', resultPositive=true}, AnalysisResult{name='Blood leakage', resultPositive=false}]}
Patient{name='Mahatma Churchill', diagnoses=[Diagnosis{diseaseName='Kidney failure'}, Diagnosis{diseaseName='Lost limb'}], analyses=[AnalysisResult{name='High blood pressure', resultPositive=false}, AnalysisResult{name='Smoking pipe', resultPositive=false}, AnalysisResult{name='Some other #1', resultPositive=true}]}
Patient{name='Muhammad Victoria', diagnoses=[Diagnosis{diseaseName='Kidney failure'}, Diagnosis{diseaseName='Lung cancer'}], analyses=[AnalysisResult{name='Blood leakage', resultPositive=true}, AnalysisResult{name='Some other #2', resultPositive=true}, AnalysisResult{name='Some other #1', resultPositive=false}]}
Patient{name='Marilyn Darwin', diagnoses=[Diagnosis{diseaseName='I'm the pirate'}, Diagnosis{diseaseName='Lung cancer'}], analyses=[AnalysisResult{name='Smoking pipe', resultPositive=true}, AnalysisResult{name='Have a parrot', resultPositive=true}, AnalysisResult{name='Blood in urine', resultPositive=true}]}
Patient{name='Margaret Ali', diagnoses=[Diagnosis{diseaseName='Kidney failure'}, Diagnosis{diseaseName='I'm the pirate'}], analyses=[AnalysisResult{name='Have a parrot', resultPositive=false}, AnalysisResult{name='Blood in urine', resultPositive=true}, AnalysisResult{name='Some other #2', resultPositive=true}]}
Patient{name='Marilyn McCartney', diagnoses=[Diagnosis{diseaseName='I'm the pirate'}, Diagnosis{diseaseName='Lost limb'}], analyses=[AnalysisResult{name='Have a parrot', resultPositive=true}, AnalysisResult{name='Blood leakage', resultPositive=true}, AnalysisResult{name='Some other #2', resultPositive=true}]}
Patient{name='Winston Victoria', diagnoses=[Diagnosis{diseaseName='Kidney failure'}, Diagnosis{diseaseName='Lost limb'}], analyses=[AnalysisResult{name='Blood leakage', resultPositive=false}, AnalysisResult{name='High blood pressure', resultPositive=true}, AnalysisResult{name='Some other #2', resultPositive=true}]}
Patient{name='Winston Ali', diagnoses=[Diagnosis{diseaseName='I'm the pirate'}, Diagnosis{diseaseName='Lost limb'}], analyses=[AnalysisResult{name='Some other #1', resultPositive=false}, AnalysisResult{name='Blood in urine', resultPositive=true}, AnalysisResult{name='Some other #2', resultPositive=true}]}
Patient{name='Martin McCartney', diagnoses=[Diagnosis{diseaseName='Lung cancer'}, Diagnosis{diseaseName='Lost limb'}], analyses=[AnalysisResult{name='Some other #3', resultPositive=true}, AnalysisResult{name='High blood pressure', resultPositive=false}, AnalysisResult{name='Blood in urine', resultPositive=false}]}
Patient{name='Winston Mandela', diagnoses=[Diagnosis{diseaseName='Kidney failure'}, Diagnosis{diseaseName='Lost limb'}], analyses=[AnalysisResult{name='High blood pressure', resultPositive=false}, AnalysisResult{name='Blood leakage', resultPositive=true}, AnalysisResult{name='Some other #2', resultPositive=false}]}
Patient{name='Mahatma Trump', diagnoses=[Diagnosis{diseaseName='Kidney failure'}, Diagnosis{diseaseName='Lung cancer'}], analyses=[AnalysisResult{name='Some other #3', resultPositive=true}, AnalysisResult{name='Blood leakage', resultPositive=false}, AnalysisResult{name='Some other #1', resultPositive=false}]}
Patient{name='Pope McCartney', diagnoses=[Diagnosis{diseaseName='Kidney failure'}, Diagnosis{diseaseName='Lost limb'}], analyses=[AnalysisResult{name='Blood leakage', resultPositive=false}, AnalysisResult{name='Some other #3', resultPositive=false}, AnalysisResult{name='Some other #1', resultPositive=false}]}
Patient{name='Mahatma Francis', diagnoses=[Diagnosis{diseaseName='I'm the pirate'}, Diagnosis{diseaseName='Lung cancer'}], analyses=[AnalysisResult{name='Some other #3', resultPositive=false}, AnalysisResult{name='High blood pressure', resultPositive=false}, AnalysisResult{name='Smoking pipe', resultPositive=false}]}
Patient{name='Bill Lincoln', diagnoses=[Diagnosis{diseaseName='Kidney failure'}, Diagnosis{diseaseName='Lost limb'}], analyses=[AnalysisResult{name='Blood leakage', resultPositive=true}, AnalysisResult{name='Blood in urine', resultPositive=false}, AnalysisResult{name='Some other #3', resultPositive=true}]}
Patient{name='Muhammad Darwin', diagnoses=[Diagnosis{diseaseName='I'm the pirate'}, Diagnosis{diseaseName='Lost limb'}], analyses=[AnalysisResult{name='Some other #1', resultPositive=true}, AnalysisResult{name='High blood pressure', resultPositive=true}, AnalysisResult{name='Blood leakage', resultPositive=false}]}
Patient{name='Abraham Einstein', diagnoses=[Diagnosis{diseaseName='I'm the pirate'}, Diagnosis{diseaseName='Lung cancer'}], analyses=[AnalysisResult{name='Some other #2', resultPositive=false}, AnalysisResult{name='Have a parrot', resultPositive=true}, AnalysisResult{name='High blood pressure', resultPositive=false}]}
]]></system-out>
  <system-err><![CDATA[]]></system-err>
</testsuite>
